<?xml version="1.0" encoding="UTF-8"?>
<robot generator="Robot 4.1.3 (Python 3.10.2 on win32)" generated="20220322 17:00:35.502" rpa="false" schemaversion="2">
<suite id="s1" name="Registration Update suite" source="B:\2.L&amp;T Technology Services InternShip\week 6.Robot framework\Caption_Project\Register_suite\Registration_Update_suite.robot">
<test id="s1-t1" name="TC UPDATE">
<kw name="launch Browser" library="CommonFunctionality" type="SETUP">
<if>
<branch type="IF" condition="'${BROWSER}'=='edge'">
<kw name="Set Local Variable" library="BuiltIn">
<arg>${driver_name}</arg>
<arg>msedgedriver.exe</arg>
<doc>Makes a variable available everywhere within the local scope.</doc>
<status status="NOT RUN" starttime="20220322 17:00:36.745" endtime="20220322 17:00:36.745"/>
</kw>
<status status="NOT RUN" starttime="20220322 17:00:36.745" endtime="20220322 17:00:36.745"/>
</branch>
<branch type="ELSE">
<kw name="Set Local Variable" library="BuiltIn">
<arg>${driver_name}</arg>
<arg>chromedriver.exe</arg>
<doc>Makes a variable available everywhere within the local scope.</doc>
<msg timestamp="20220322 17:00:36.745" level="INFO">${driver_name} = chromedriver.exe</msg>
<status status="PASS" starttime="20220322 17:00:36.745" endtime="20220322 17:00:36.745"/>
</kw>
<status status="PASS" starttime="20220322 17:00:36.745" endtime="20220322 17:00:36.745"/>
</branch>
<status status="PASS" starttime="20220322 17:00:36.745" endtime="20220322 17:00:36.745"/>
</if>
<kw name="Open Browser" library="SeleniumLibrary">
<arg>browser=${BROWSER}</arg>
<arg>executable_path=${EXECDIR}${/}driver${/}${driver_name}</arg>
<doc>Opens a new browser instance to the optional ``url``.</doc>
<msg timestamp="20220322 17:00:36.745" level="INFO">Opening browser 'chrome' to base url 'None'.</msg>
<status status="PASS" starttime="20220322 17:00:36.745" endtime="20220322 17:00:39.152"/>
</kw>
<kw name="Maximize Browser Window" library="SeleniumLibrary">
<doc>Maximizes current browser window.</doc>
<status status="PASS" starttime="20220322 17:00:39.152" endtime="20220322 17:00:39.292"/>
</kw>
<kw name="Set Selenium Implicit Wait" library="SeleniumLibrary">
<arg>30s</arg>
<doc>Sets the implicit wait value used by Selenium.</doc>
<status status="PASS" starttime="20220322 17:00:39.292" endtime="20220322 17:00:39.297"/>
</kw>
<kw name="Go To" library="SeleniumLibrary">
<arg>url=${URL}</arg>
<doc>Navigates the current browser window to the provided ``url``.</doc>
<msg timestamp="20220322 17:00:39.299" level="INFO">Opening url 'http://automationpractice.com/index.php'</msg>
<status status="PASS" starttime="20220322 17:00:39.297" endtime="20220322 17:00:48.906"/>
</kw>
<kw name="Set Screenshot Directory" library="SeleniumLibrary">
<arg>${EXECDIR}${/}screenshot</arg>
<doc>Sets the directory for captured screenshots.</doc>
<status status="PASS" starttime="20220322 17:00:48.906" endtime="20220322 17:00:48.906"/>
</kw>
<kw name="Maximize Browser Window" library="SeleniumLibrary">
<doc>Maximizes current browser window.</doc>
<status status="PASS" starttime="20220322 17:00:48.906" endtime="20220322 17:00:48.909"/>
</kw>
<status status="PASS" starttime="20220322 17:00:36.745" endtime="20220322 17:00:48.909"/>
</kw>
<kw name="TC Update Template">
<arg>asdfghjkl501@gmail.com</arg>
<arg>asdfghjkl123</arg>
<arg>LTTS</arg>
<arg>East Godavari</arg>
<arg>8919210420</arg>
<arg>intrested in LTTS</arg>
<arg>26</arg>
<arg>4</arg>
<arg>1998</arg>
<kw name="Click Sigin" library="LoginPage">
<kw name="Click Element" library="SeleniumLibrary">
<arg>${SIGIN_LOCATER}</arg>
<doc>Click the element identified by ``locator``.</doc>
<msg timestamp="20220322 17:00:48.911" level="INFO">Clicking element 'partial link=Sign in'.</msg>
<status status="PASS" starttime="20220322 17:00:48.910" endtime="20220322 17:00:52.268"/>
</kw>
<status status="PASS" starttime="20220322 17:00:48.910" endtime="20220322 17:00:52.268"/>
</kw>
<kw name="Click Sigin" library="LoginPage">
<kw name="Click Element" library="SeleniumLibrary">
<arg>${SIGIN_LOCATER}</arg>
<doc>Click the element identified by ``locator``.</doc>
<msg timestamp="20220322 17:00:52.268" level="INFO">Clicking element 'partial link=Sign in'.</msg>
<status status="PASS" starttime="20220322 17:00:52.268" endtime="20220322 17:00:54.202"/>
</kw>
<status status="PASS" starttime="20220322 17:00:52.268" endtime="20220322 17:00:54.202"/>
</kw>
<kw name="Enter Mail" library="LoginPage">
<arg>${mail}</arg>
<kw name="Input Text" library="SeleniumLibrary">
<arg>${MAIL_LOCATOR}</arg>
<arg>${username}</arg>
<doc>Types the given ``text`` into the text field identified by ``locator``.</doc>
<msg timestamp="20220322 17:00:54.204" level="INFO">Typing text 'asdfghjkl501@gmail.com' into text field 'id=email'.</msg>
<status status="PASS" starttime="20220322 17:00:54.203" endtime="20220322 17:00:54.401"/>
</kw>
<status status="PASS" starttime="20220322 17:00:54.202" endtime="20220322 17:00:54.401"/>
</kw>
<kw name="Enter Password" library="LoginPage">
<arg>${password}</arg>
<kw name="Input Password" library="SeleniumLibrary">
<arg>${USERPASS_LOCATER}</arg>
<arg>${password}</arg>
<doc>Types the given password into the text field identified by ``locator``.</doc>
<msg timestamp="20220322 17:00:54.403" level="INFO">Typing password into text field 'id=passwd'.</msg>
<msg timestamp="20220322 17:00:54.453" level="INFO">Temporally setting log level to: NONE</msg>
<msg timestamp="20220322 17:00:54.544" level="INFO">Log level changed from NONE to INFO.</msg>
<status status="PASS" starttime="20220322 17:00:54.402" endtime="20220322 17:00:54.544"/>
</kw>
<status status="PASS" starttime="20220322 17:00:54.401" endtime="20220322 17:00:54.545"/>
</kw>
<kw name="Click On Login" library="LoginPage">
<kw name="Click Button" library="SeleniumLibrary">
<arg>${LOGINBUTTON}</arg>
<doc>Clicks the button identified by ``locator``.</doc>
<msg timestamp="20220322 17:00:54.545" level="INFO">Clicking button 'id=SubmitLogin'.</msg>
<status status="PASS" starttime="20220322 17:00:54.545" endtime="20220322 17:00:57.250"/>
</kw>
<status status="PASS" starttime="20220322 17:00:54.545" endtime="20220322 17:00:57.250"/>
</kw>
<kw name="Validation" library="My_Account_Page">
<kw name="Page Should Contain" library="SeleniumLibrary">
<arg>My account</arg>
<doc>Verifies that current page contains ``text``.</doc>
<msg timestamp="20220322 17:00:57.274" level="INFO">Current page contains text 'My account'.</msg>
<status status="PASS" starttime="20220322 17:00:57.250" endtime="20220322 17:00:57.275"/>
</kw>
<kw name="Page Should Contain" library="SeleniumLibrary">
<arg>Order history and details</arg>
<doc>Verifies that current page contains ``text``.</doc>
<msg timestamp="20220322 17:00:57.302" level="INFO">Current page contains text 'Order history and details'.</msg>
<status status="PASS" starttime="20220322 17:00:57.275" endtime="20220322 17:00:57.302"/>
</kw>
<kw name="Page Should Contain" library="SeleniumLibrary">
<arg>My credit slips</arg>
<doc>Verifies that current page contains ``text``.</doc>
<msg timestamp="20220322 17:00:57.328" level="INFO">Current page contains text 'My credit slips'.</msg>
<status status="PASS" starttime="20220322 17:00:57.302" endtime="20220322 17:00:57.329"/>
</kw>
<kw name="Page Should Contain" library="SeleniumLibrary">
<arg>My addresses</arg>
<doc>Verifies that current page contains ``text``.</doc>
<msg timestamp="20220322 17:00:57.354" level="INFO">Current page contains text 'My addresses'.</msg>
<status status="PASS" starttime="20220322 17:00:57.329" endtime="20220322 17:00:57.354"/>
</kw>
<kw name="Page Should Contain" library="SeleniumLibrary">
<arg>My personal information</arg>
<doc>Verifies that current page contains ``text``.</doc>
<msg timestamp="20220322 17:00:57.379" level="INFO">Current page contains text 'My personal information'.</msg>
<status status="PASS" starttime="20220322 17:00:57.354" endtime="20220322 17:00:57.379"/>
</kw>
<kw name="Page Should Contain" library="SeleniumLibrary">
<arg>My wishlists</arg>
<doc>Verifies that current page contains ``text``.</doc>
<msg timestamp="20220322 17:00:57.410" level="INFO">Current page contains text 'My wishlists'.</msg>
<status status="PASS" starttime="20220322 17:00:57.380" endtime="20220322 17:00:57.410"/>
</kw>
<status status="PASS" starttime="20220322 17:00:57.250" endtime="20220322 17:00:57.410"/>
</kw>
<kw name="My Click Address" library="My_Account_Page">
<kw name="Click Element" library="SeleniumLibrary">
<arg>${ADDRESSXPATH}</arg>
<doc>Click the element identified by ``locator``.</doc>
<msg timestamp="20220322 17:00:57.410" level="INFO">Clicking element 'xpath=//span[text()="My addresses"]'.</msg>
<status status="PASS" starttime="20220322 17:00:57.410" endtime="20220322 17:00:59.604"/>
</kw>
<status status="PASS" starttime="20220322 17:00:57.410" endtime="20220322 17:00:59.605"/>
</kw>
<kw name="My Click Update" library="My_Account_Page">
<kw name="Click Element" library="SeleniumLibrary">
<arg>${UPDATEXPATH}</arg>
<doc>Click the element identified by ``locator``.</doc>
<msg timestamp="20220322 17:00:59.605" level="INFO">Clicking element 'xpath=//span[text()="Update"]'.</msg>
<status status="PASS" starttime="20220322 17:00:59.605" endtime="20220322 17:01:02.397"/>
</kw>
<status status="PASS" starttime="20220322 17:00:59.605" endtime="20220322 17:01:02.397"/>
</kw>
<kw name="Reg Comp" library="Registration_Page">
<arg>${comp}</arg>
<kw name="Input Text" library="SeleniumLibrary">
<arg>${COMPANYID}</arg>
<arg>${comp}</arg>
<doc>Types the given ``text`` into the text field identified by ``locator``.</doc>
<msg timestamp="20220322 17:01:02.398" level="INFO">Typing text 'LTTS' into text field 'id=company'.</msg>
<status status="PASS" starttime="20220322 17:01:02.398" endtime="20220322 17:01:02.558"/>
</kw>
<status status="PASS" starttime="20220322 17:01:02.397" endtime="20220322 17:01:02.558"/>
</kw>
<kw name="Reg Address2" library="Registration_Page">
<arg>${adr2}</arg>
<kw name="Input Text" library="SeleniumLibrary">
<arg>${ADD2ID}</arg>
<arg>${add2}</arg>
<doc>Types the given ``text`` into the text field identified by ``locator``.</doc>
<msg timestamp="20220322 17:01:02.559" level="INFO">Typing text 'East Godavari' into text field 'id=address2'.</msg>
<status status="PASS" starttime="20220322 17:01:02.559" endtime="20220322 17:01:02.737"/>
</kw>
<status status="PASS" starttime="20220322 17:01:02.558" endtime="20220322 17:01:02.738"/>
</kw>
<kw name="Reg Mobile" library="Registration_Page">
<arg>${mobile}</arg>
<kw name="Input Text" library="SeleniumLibrary">
<arg>${MOBILEID}</arg>
<arg>${mobile}</arg>
<doc>Types the given ``text`` into the text field identified by ``locator``.</doc>
<msg timestamp="20220322 17:01:02.739" level="INFO">Typing text '8919210420' into text field 'id=phone_mobile'.</msg>
<status status="PASS" starttime="20220322 17:01:02.738" endtime="20220322 17:01:02.904"/>
</kw>
<status status="PASS" starttime="20220322 17:01:02.738" endtime="20220322 17:01:02.904"/>
</kw>
<kw name="Reg Other" library="Registration_Page">
<arg>${other}</arg>
<kw name="Input Text" library="SeleniumLibrary">
<arg>${OTHERID}</arg>
<arg>${other}</arg>
<doc>Types the given ``text`` into the text field identified by ``locator``.</doc>
<msg timestamp="20220322 17:01:02.905" level="INFO">Typing text 'intrested in LTTS' into text field 'id=other'.</msg>
<status status="PASS" starttime="20220322 17:01:02.905" endtime="20220322 17:01:03.103"/>
</kw>
<status status="PASS" starttime="20220322 17:01:02.904" endtime="20220322 17:01:03.104"/>
</kw>
<kw name="My Save" library="My_Account_Page">
<kw name="Click Element" library="SeleniumLibrary">
<arg>${SAVEXPATH}</arg>
<doc>Click the element identified by ``locator``.</doc>
<msg timestamp="20220322 17:01:03.105" level="INFO">Clicking element 'xpath=//button[@class="btn btn-default button button-medium"]'.</msg>
<status status="PASS" starttime="20220322 17:01:03.104" endtime="20220322 17:01:10.979"/>
</kw>
<status status="PASS" starttime="20220322 17:01:03.104" endtime="20220322 17:01:10.980"/>
</kw>
<kw name="My Back" library="My_Account_Page">
<kw name="Click Element" library="SeleniumLibrary">
<arg>${BACKPL}</arg>
<doc>Click the element identified by ``locator``.</doc>
<msg timestamp="20220322 17:01:10.981" level="INFO">Clicking element 'partial link=Back to your account'.</msg>
<status status="PASS" starttime="20220322 17:01:10.981" endtime="20220322 17:01:14.250"/>
</kw>
<status status="PASS" starttime="20220322 17:01:10.980" endtime="20220322 17:01:14.250"/>
</kw>
<kw name="My Persnal" library="My_Account_Page">
<kw name="Click Element" library="SeleniumLibrary">
<arg>${PIXPATH}</arg>
<doc>Click the element identified by ``locator``.</doc>
<msg timestamp="20220322 17:01:14.251" level="INFO">Clicking element 'xpath=//span[text()="My personal information"]'.</msg>
<status status="PASS" starttime="20220322 17:01:14.250" endtime="20220322 17:01:16.818"/>
</kw>
<status status="PASS" starttime="20220322 17:01:14.250" endtime="20220322 17:01:16.818"/>
</kw>
<kw name="Reg DOB" library="Registration_Page">
<arg>${day}</arg>
<arg>${month}</arg>
<arg>${year}</arg>
<kw name="Select From List By Value" library="SeleniumLibrary">
<arg>${DDID}</arg>
<arg>${day}</arg>
<doc>Selects options from selection list ``locator`` by ``values``.</doc>
<msg timestamp="20220322 17:01:16.818" level="INFO">Selecting options from selection list 'id=days' by value 26.</msg>
<status status="PASS" starttime="20220322 17:01:16.818" endtime="20220322 17:01:16.908"/>
</kw>
<kw name="Select From List By Value" library="SeleniumLibrary">
<arg>${MMID}</arg>
<arg>${month}</arg>
<doc>Selects options from selection list ``locator`` by ``values``.</doc>
<msg timestamp="20220322 17:01:16.908" level="INFO">Selecting options from selection list 'id=months' by value 4.</msg>
<status status="PASS" starttime="20220322 17:01:16.908" endtime="20220322 17:01:16.983"/>
</kw>
<kw name="Select From List By Value" library="SeleniumLibrary">
<arg>${YYYYID}</arg>
<arg>${year}</arg>
<doc>Selects options from selection list ``locator`` by ``values``.</doc>
<msg timestamp="20220322 17:01:16.984" level="INFO">Selecting options from selection list 'id=years' by value 1998.</msg>
<status status="PASS" starttime="20220322 17:01:16.983" endtime="20220322 17:01:17.061"/>
</kw>
<status status="PASS" starttime="20220322 17:01:16.818" endtime="20220322 17:01:17.061"/>
</kw>
<kw name="My Old Pass" library="My_Account_Page">
<arg>${password}</arg>
<kw name="Input Text" library="SeleniumLibrary">
<arg>${OLDPASSID}</arg>
<arg>${password}</arg>
<doc>Types the given ``text`` into the text field identified by ``locator``.</doc>
<msg timestamp="20220322 17:01:17.061" level="INFO">Typing text 'asdfghjkl123' into text field 'id=old_passwd'.</msg>
<status status="PASS" starttime="20220322 17:01:17.061" endtime="20220322 17:01:17.206"/>
</kw>
<status status="PASS" starttime="20220322 17:01:17.061" endtime="20220322 17:01:17.207"/>
</kw>
<kw name="My New Pass" library="My_Account_Page">
<arg>${password}</arg>
<kw name="Input Text" library="SeleniumLibrary">
<arg>${NEWPASSID}</arg>
<arg>${password}</arg>
<doc>Types the given ``text`` into the text field identified by ``locator``.</doc>
<msg timestamp="20220322 17:01:17.207" level="INFO">Typing text 'asdfghjkl123' into text field 'id=passwd'.</msg>
<status status="PASS" starttime="20220322 17:01:17.207" endtime="20220322 17:01:17.348"/>
</kw>
<status status="PASS" starttime="20220322 17:01:17.207" endtime="20220322 17:01:17.348"/>
</kw>
<kw name="My Con Pass" library="My_Account_Page">
<arg>${password}</arg>
<kw name="Input Text" library="SeleniumLibrary">
<arg>${CONPASSID}</arg>
<arg>${password}</arg>
<doc>Types the given ``text`` into the text field identified by ``locator``.</doc>
<msg timestamp="20220322 17:01:17.349" level="INFO">Typing text 'asdfghjkl123' into text field 'id=confirmation'.</msg>
<status status="PASS" starttime="20220322 17:01:17.348" endtime="20220322 17:01:17.494"/>
</kw>
<status status="PASS" starttime="20220322 17:01:17.348" endtime="20220322 17:01:17.495"/>
</kw>
<kw name="My Conform Submit" library="My_Account_Page">
<kw name="Click Element" library="SeleniumLibrary">
<arg>${SAVEXPATH}</arg>
<doc>Click the element identified by ``locator``.</doc>
<msg timestamp="20220322 17:01:17.495" level="INFO">Clicking element 'xpath=//button[@class="btn btn-default button button-medium"]'.</msg>
<status status="PASS" starttime="20220322 17:01:17.495" endtime="20220322 17:01:18.369"/>
</kw>
<status status="PASS" starttime="20220322 17:01:17.495" endtime="20220322 17:01:18.369"/>
</kw>
<kw name="My Page Contain" library="My_Account_Page">
<kw name="Page Should Contain" library="SeleniumLibrary">
<arg>Your personal information has been successfully updated.</arg>
<doc>Verifies that current page contains ``text``.</doc>
<msg timestamp="20220322 17:01:18.392" level="INFO">Current page contains text 'Your personal information has been successfully updated.'.</msg>
<status status="PASS" starttime="20220322 17:01:18.370" endtime="20220322 17:01:18.392"/>
</kw>
<status status="PASS" starttime="20220322 17:01:18.370" endtime="20220322 17:01:18.392"/>
</kw>
<kw name="My Back" library="My_Account_Page">
<kw name="Click Element" library="SeleniumLibrary">
<arg>${BACKPL}</arg>
<doc>Click the element identified by ``locator``.</doc>
<msg timestamp="20220322 17:01:18.393" level="INFO">Clicking element 'partial link=Back to your account'.</msg>
<status status="PASS" starttime="20220322 17:01:18.393" endtime="20220322 17:01:19.774"/>
</kw>
<status status="PASS" starttime="20220322 17:01:18.392" endtime="20220322 17:01:19.774"/>
</kw>
<kw name="Validation" library="My_Account_Page">
<kw name="Page Should Contain" library="SeleniumLibrary">
<arg>My account</arg>
<doc>Verifies that current page contains ``text``.</doc>
<msg timestamp="20220322 17:01:19.797" level="INFO">Current page contains text 'My account'.</msg>
<status status="PASS" starttime="20220322 17:01:19.775" endtime="20220322 17:01:19.797"/>
</kw>
<kw name="Page Should Contain" library="SeleniumLibrary">
<arg>Order history and details</arg>
<doc>Verifies that current page contains ``text``.</doc>
<msg timestamp="20220322 17:01:19.823" level="INFO">Current page contains text 'Order history and details'.</msg>
<status status="PASS" starttime="20220322 17:01:19.797" endtime="20220322 17:01:19.823"/>
</kw>
<kw name="Page Should Contain" library="SeleniumLibrary">
<arg>My credit slips</arg>
<doc>Verifies that current page contains ``text``.</doc>
<msg timestamp="20220322 17:01:19.849" level="INFO">Current page contains text 'My credit slips'.</msg>
<status status="PASS" starttime="20220322 17:01:19.823" endtime="20220322 17:01:19.849"/>
</kw>
<kw name="Page Should Contain" library="SeleniumLibrary">
<arg>My addresses</arg>
<doc>Verifies that current page contains ``text``.</doc>
<msg timestamp="20220322 17:01:19.875" level="INFO">Current page contains text 'My addresses'.</msg>
<status status="PASS" starttime="20220322 17:01:19.849" endtime="20220322 17:01:19.875"/>
</kw>
<kw name="Page Should Contain" library="SeleniumLibrary">
<arg>My personal information</arg>
<doc>Verifies that current page contains ``text``.</doc>
<msg timestamp="20220322 17:01:19.898" level="INFO">Current page contains text 'My personal information'.</msg>
<status status="PASS" starttime="20220322 17:01:19.875" endtime="20220322 17:01:19.898"/>
</kw>
<kw name="Page Should Contain" library="SeleniumLibrary">
<arg>My wishlists</arg>
<doc>Verifies that current page contains ``text``.</doc>
<msg timestamp="20220322 17:01:19.922" level="INFO">Current page contains text 'My wishlists'.</msg>
<status status="PASS" starttime="20220322 17:01:19.898" endtime="20220322 17:01:19.922"/>
</kw>
<status status="PASS" starttime="20220322 17:01:19.775" endtime="20220322 17:01:19.922"/>
</kw>
<status status="PASS" starttime="20220322 17:00:48.910" endtime="20220322 17:01:19.922"/>
</kw>
<kw name="Close Browser" library="SeleniumLibrary" type="TEARDOWN">
<doc>Closes the current browser.</doc>
<status status="PASS" starttime="20220322 17:01:19.922" endtime="20220322 17:01:22.102"/>
</kw>
<status status="PASS" starttime="20220322 17:00:36.741" endtime="20220322 17:01:22.103"/>
</test>
<test id="s1-t2" name="TC UPDATE">
<kw name="launch Browser" library="CommonFunctionality" type="SETUP">
<if>
<branch type="IF" condition="'${BROWSER}'=='edge'">
<kw name="Set Local Variable" library="BuiltIn">
<arg>${driver_name}</arg>
<arg>msedgedriver.exe</arg>
<doc>Makes a variable available everywhere within the local scope.</doc>
<status status="NOT RUN" starttime="20220322 17:01:22.111" endtime="20220322 17:01:22.111"/>
</kw>
<status status="NOT RUN" starttime="20220322 17:01:22.111" endtime="20220322 17:01:22.111"/>
</branch>
<branch type="ELSE">
<kw name="Set Local Variable" library="BuiltIn">
<arg>${driver_name}</arg>
<arg>chromedriver.exe</arg>
<doc>Makes a variable available everywhere within the local scope.</doc>
<msg timestamp="20220322 17:01:22.111" level="INFO">${driver_name} = chromedriver.exe</msg>
<status status="PASS" starttime="20220322 17:01:22.111" endtime="20220322 17:01:22.111"/>
</kw>
<status status="PASS" starttime="20220322 17:01:22.111" endtime="20220322 17:01:22.111"/>
</branch>
<status status="PASS" starttime="20220322 17:01:22.111" endtime="20220322 17:01:22.111"/>
</if>
<kw name="Open Browser" library="SeleniumLibrary">
<arg>browser=${BROWSER}</arg>
<arg>executable_path=${EXECDIR}${/}driver${/}${driver_name}</arg>
<doc>Opens a new browser instance to the optional ``url``.</doc>
<msg timestamp="20220322 17:01:22.111" level="INFO">Opening browser 'chrome' to base url 'None'.</msg>
<status status="PASS" starttime="20220322 17:01:22.111" endtime="20220322 17:01:24.588"/>
</kw>
<kw name="Maximize Browser Window" library="SeleniumLibrary">
<doc>Maximizes current browser window.</doc>
<status status="PASS" starttime="20220322 17:01:24.588" endtime="20220322 17:01:24.727"/>
</kw>
<kw name="Set Selenium Implicit Wait" library="SeleniumLibrary">
<arg>30s</arg>
<doc>Sets the implicit wait value used by Selenium.</doc>
<status status="PASS" starttime="20220322 17:01:24.727" endtime="20220322 17:01:24.733"/>
</kw>
<kw name="Go To" library="SeleniumLibrary">
<arg>url=${URL}</arg>
<doc>Navigates the current browser window to the provided ``url``.</doc>
<msg timestamp="20220322 17:01:24.736" level="INFO">Opening url 'http://automationpractice.com/index.php'</msg>
<status status="PASS" starttime="20220322 17:01:24.734" endtime="20220322 17:01:32.548"/>
</kw>
<kw name="Set Screenshot Directory" library="SeleniumLibrary">
<arg>${EXECDIR}${/}screenshot</arg>
<doc>Sets the directory for captured screenshots.</doc>
<status status="PASS" starttime="20220322 17:01:32.548" endtime="20220322 17:01:32.549"/>
</kw>
<kw name="Maximize Browser Window" library="SeleniumLibrary">
<doc>Maximizes current browser window.</doc>
<status status="PASS" starttime="20220322 17:01:32.549" endtime="20220322 17:01:32.551"/>
</kw>
<status status="PASS" starttime="20220322 17:01:22.111" endtime="20220322 17:01:32.551"/>
</kw>
<kw name="TC Update Template">
<arg>asdfghjkl502@gmail.com</arg>
<arg>asdfghjkl123</arg>
<arg>LTTS</arg>
<arg>West Godavari</arg>
<arg>8919210420</arg>
<arg>intrested in LTTS</arg>
<arg>26</arg>
<arg>4</arg>
<arg>1998</arg>
<kw name="Click Sigin" library="LoginPage">
<kw name="Click Element" library="SeleniumLibrary">
<arg>${SIGIN_LOCATER}</arg>
<doc>Click the element identified by ``locator``.</doc>
<msg timestamp="20220322 17:01:32.553" level="INFO">Clicking element 'partial link=Sign in'.</msg>
<status status="PASS" starttime="20220322 17:01:32.552" endtime="20220322 17:01:36.481"/>
</kw>
<status status="PASS" starttime="20220322 17:01:32.552" endtime="20220322 17:01:36.481"/>
</kw>
<kw name="Click Sigin" library="LoginPage">
<kw name="Click Element" library="SeleniumLibrary">
<arg>${SIGIN_LOCATER}</arg>
<doc>Click the element identified by ``locator``.</doc>
<msg timestamp="20220322 17:01:36.481" level="INFO">Clicking element 'partial link=Sign in'.</msg>
<status status="PASS" starttime="20220322 17:01:36.481" endtime="20220322 17:01:39.169"/>
</kw>
<status status="PASS" starttime="20220322 17:01:36.481" endtime="20220322 17:01:39.169"/>
</kw>
<kw name="Enter Mail" library="LoginPage">
<arg>${mail}</arg>
<kw name="Input Text" library="SeleniumLibrary">
<arg>${MAIL_LOCATOR}</arg>
<arg>${username}</arg>
<doc>Types the given ``text`` into the text field identified by ``locator``.</doc>
<msg timestamp="20220322 17:01:39.174" level="INFO">Typing text 'asdfghjkl502@gmail.com' into text field 'id=email'.</msg>
<status status="PASS" starttime="20220322 17:01:39.169" endtime="20220322 17:01:39.368"/>
</kw>
<status status="PASS" starttime="20220322 17:01:39.169" endtime="20220322 17:01:39.369"/>
</kw>
<kw name="Enter Password" library="LoginPage">
<arg>${password}</arg>
<kw name="Input Password" library="SeleniumLibrary">
<arg>${USERPASS_LOCATER}</arg>
<arg>${password}</arg>
<doc>Types the given password into the text field identified by ``locator``.</doc>
<msg timestamp="20220322 17:01:39.370" level="INFO">Typing password into text field 'id=passwd'.</msg>
<msg timestamp="20220322 17:01:39.415" level="INFO">Temporally setting log level to: NONE</msg>
<msg timestamp="20220322 17:01:39.497" level="INFO">Log level changed from NONE to INFO.</msg>
<status status="PASS" starttime="20220322 17:01:39.369" endtime="20220322 17:01:39.497"/>
</kw>
<status status="PASS" starttime="20220322 17:01:39.369" endtime="20220322 17:01:39.497"/>
</kw>
<kw name="Click On Login" library="LoginPage">
<kw name="Click Button" library="SeleniumLibrary">
<arg>${LOGINBUTTON}</arg>
<doc>Clicks the button identified by ``locator``.</doc>
<msg timestamp="20220322 17:01:39.497" level="INFO">Clicking button 'id=SubmitLogin'.</msg>
<status status="PASS" starttime="20220322 17:01:39.497" endtime="20220322 17:01:43.573"/>
</kw>
<status status="PASS" starttime="20220322 17:01:39.497" endtime="20220322 17:01:43.573"/>
</kw>
<kw name="Validation" library="My_Account_Page">
<kw name="Page Should Contain" library="SeleniumLibrary">
<arg>My account</arg>
<doc>Verifies that current page contains ``text``.</doc>
<msg timestamp="20220322 17:01:43.600" level="INFO">Current page contains text 'My account'.</msg>
<status status="PASS" starttime="20220322 17:01:43.573" endtime="20220322 17:01:43.600"/>
</kw>
<kw name="Page Should Contain" library="SeleniumLibrary">
<arg>Order history and details</arg>
<doc>Verifies that current page contains ``text``.</doc>
<msg timestamp="20220322 17:01:43.624" level="INFO">Current page contains text 'Order history and details'.</msg>
<status status="PASS" starttime="20220322 17:01:43.601" endtime="20220322 17:01:43.624"/>
</kw>
<kw name="Page Should Contain" library="SeleniumLibrary">
<arg>My credit slips</arg>
<doc>Verifies that current page contains ``text``.</doc>
<msg timestamp="20220322 17:01:43.649" level="INFO">Current page contains text 'My credit slips'.</msg>
<status status="PASS" starttime="20220322 17:01:43.625" endtime="20220322 17:01:43.649"/>
</kw>
<kw name="Page Should Contain" library="SeleniumLibrary">
<arg>My addresses</arg>
<doc>Verifies that current page contains ``text``.</doc>
<msg timestamp="20220322 17:01:43.674" level="INFO">Current page contains text 'My addresses'.</msg>
<status status="PASS" starttime="20220322 17:01:43.649" endtime="20220322 17:01:43.674"/>
</kw>
<kw name="Page Should Contain" library="SeleniumLibrary">
<arg>My personal information</arg>
<doc>Verifies that current page contains ``text``.</doc>
<msg timestamp="20220322 17:01:43.701" level="INFO">Current page contains text 'My personal information'.</msg>
<status status="PASS" starttime="20220322 17:01:43.674" endtime="20220322 17:01:43.701"/>
</kw>
<kw name="Page Should Contain" library="SeleniumLibrary">
<arg>My wishlists</arg>
<doc>Verifies that current page contains ``text``.</doc>
<msg timestamp="20220322 17:01:43.722" level="INFO">Current page contains text 'My wishlists'.</msg>
<status status="PASS" starttime="20220322 17:01:43.701" endtime="20220322 17:01:43.722"/>
</kw>
<status status="PASS" starttime="20220322 17:01:43.573" endtime="20220322 17:01:43.722"/>
</kw>
<kw name="My Click Address" library="My_Account_Page">
<kw name="Click Element" library="SeleniumLibrary">
<arg>${ADDRESSXPATH}</arg>
<doc>Click the element identified by ``locator``.</doc>
<msg timestamp="20220322 17:01:43.722" level="INFO">Clicking element 'xpath=//span[text()="My addresses"]'.</msg>
<status status="PASS" starttime="20220322 17:01:43.722" endtime="20220322 17:01:46.323"/>
</kw>
<status status="PASS" starttime="20220322 17:01:43.722" endtime="20220322 17:01:46.323"/>
</kw>
<kw name="My Click Update" library="My_Account_Page">
<kw name="Click Element" library="SeleniumLibrary">
<arg>${UPDATEXPATH}</arg>
<doc>Click the element identified by ``locator``.</doc>
<msg timestamp="20220322 17:01:46.325" level="INFO">Clicking element 'xpath=//span[text()="Update"]'.</msg>
<status status="PASS" starttime="20220322 17:01:46.324" endtime="20220322 17:01:48.366"/>
</kw>
<status status="PASS" starttime="20220322 17:01:46.323" endtime="20220322 17:01:48.366"/>
</kw>
<kw name="Reg Comp" library="Registration_Page">
<arg>${comp}</arg>
<kw name="Input Text" library="SeleniumLibrary">
<arg>${COMPANYID}</arg>
<arg>${comp}</arg>
<doc>Types the given ``text`` into the text field identified by ``locator``.</doc>
<msg timestamp="20220322 17:01:48.367" level="INFO">Typing text 'LTTS' into text field 'id=company'.</msg>
<status status="PASS" starttime="20220322 17:01:48.367" endtime="20220322 17:01:48.546"/>
</kw>
<status status="PASS" starttime="20220322 17:01:48.366" endtime="20220322 17:01:48.547"/>
</kw>
<kw name="Reg Address2" library="Registration_Page">
<arg>${adr2}</arg>
<kw name="Input Text" library="SeleniumLibrary">
<arg>${ADD2ID}</arg>
<arg>${add2}</arg>
<doc>Types the given ``text`` into the text field identified by ``locator``.</doc>
<msg timestamp="20220322 17:01:48.548" level="INFO">Typing text 'West Godavari' into text field 'id=address2'.</msg>
<status status="PASS" starttime="20220322 17:01:48.547" endtime="20220322 17:01:48.713"/>
</kw>
<status status="PASS" starttime="20220322 17:01:48.547" endtime="20220322 17:01:48.713"/>
</kw>
<kw name="Reg Mobile" library="Registration_Page">
<arg>${mobile}</arg>
<kw name="Input Text" library="SeleniumLibrary">
<arg>${MOBILEID}</arg>
<arg>${mobile}</arg>
<doc>Types the given ``text`` into the text field identified by ``locator``.</doc>
<msg timestamp="20220322 17:01:48.715" level="INFO">Typing text '8919210420' into text field 'id=phone_mobile'.</msg>
<status status="PASS" starttime="20220322 17:01:48.715" endtime="20220322 17:01:48.877"/>
</kw>
<status status="PASS" starttime="20220322 17:01:48.713" endtime="20220322 17:01:48.877"/>
</kw>
<kw name="Reg Other" library="Registration_Page">
<arg>${other}</arg>
<kw name="Input Text" library="SeleniumLibrary">
<arg>${OTHERID}</arg>
<arg>${other}</arg>
<doc>Types the given ``text`` into the text field identified by ``locator``.</doc>
<msg timestamp="20220322 17:01:48.878" level="INFO">Typing text 'intrested in LTTS' into text field 'id=other'.</msg>
<status status="PASS" starttime="20220322 17:01:48.877" endtime="20220322 17:01:49.061"/>
</kw>
<status status="PASS" starttime="20220322 17:01:48.877" endtime="20220322 17:01:49.061"/>
</kw>
<kw name="My Save" library="My_Account_Page">
<kw name="Click Element" library="SeleniumLibrary">
<arg>${SAVEXPATH}</arg>
<doc>Click the element identified by ``locator``.</doc>
<msg timestamp="20220322 17:01:49.062" level="INFO">Clicking element 'xpath=//button[@class="btn btn-default button button-medium"]'.</msg>
<status status="PASS" starttime="20220322 17:01:49.061" endtime="20220322 17:02:02.216"/>
</kw>
<status status="PASS" starttime="20220322 17:01:49.061" endtime="20220322 17:02:02.216"/>
</kw>
<kw name="My Back" library="My_Account_Page">
<kw name="Click Element" library="SeleniumLibrary">
<arg>${BACKPL}</arg>
<doc>Click the element identified by ``locator``.</doc>
<msg timestamp="20220322 17:02:02.217" level="INFO">Clicking element 'partial link=Back to your account'.</msg>
<status status="PASS" starttime="20220322 17:02:02.216" endtime="20220322 17:02:07.130"/>
</kw>
<status status="PASS" starttime="20220322 17:02:02.216" endtime="20220322 17:02:07.131"/>
</kw>
<kw name="My Persnal" library="My_Account_Page">
<kw name="Click Element" library="SeleniumLibrary">
<arg>${PIXPATH}</arg>
<doc>Click the element identified by ``locator``.</doc>
<msg timestamp="20220322 17:02:07.132" level="INFO">Clicking element 'xpath=//span[text()="My personal information"]'.</msg>
<status status="PASS" starttime="20220322 17:02:07.131" endtime="20220322 17:02:13.307"/>
</kw>
<status status="PASS" starttime="20220322 17:02:07.131" endtime="20220322 17:02:13.309"/>
</kw>
<kw name="Reg DOB" library="Registration_Page">
<arg>${day}</arg>
<arg>${month}</arg>
<arg>${year}</arg>
<kw name="Select From List By Value" library="SeleniumLibrary">
<arg>${DDID}</arg>
<arg>${day}</arg>
<doc>Selects options from selection list ``locator`` by ``values``.</doc>
<msg timestamp="20220322 17:02:13.310" level="INFO">Selecting options from selection list 'id=days' by value 26.</msg>
<status status="PASS" starttime="20220322 17:02:13.309" endtime="20220322 17:02:13.388"/>
</kw>
<kw name="Select From List By Value" library="SeleniumLibrary">
<arg>${MMID}</arg>
<arg>${month}</arg>
<doc>Selects options from selection list ``locator`` by ``values``.</doc>
<msg timestamp="20220322 17:02:13.388" level="INFO">Selecting options from selection list 'id=months' by value 4.</msg>
<status status="PASS" starttime="20220322 17:02:13.388" endtime="20220322 17:02:13.462"/>
</kw>
<kw name="Select From List By Value" library="SeleniumLibrary">
<arg>${YYYYID}</arg>
<arg>${year}</arg>
<doc>Selects options from selection list ``locator`` by ``values``.</doc>
<msg timestamp="20220322 17:02:13.462" level="INFO">Selecting options from selection list 'id=years' by value 1998.</msg>
<status status="PASS" starttime="20220322 17:02:13.462" endtime="20220322 17:02:13.539"/>
</kw>
<status status="PASS" starttime="20220322 17:02:13.309" endtime="20220322 17:02:13.539"/>
</kw>
<kw name="My Old Pass" library="My_Account_Page">
<arg>${password}</arg>
<kw name="Input Text" library="SeleniumLibrary">
<arg>${OLDPASSID}</arg>
<arg>${password}</arg>
<doc>Types the given ``text`` into the text field identified by ``locator``.</doc>
<msg timestamp="20220322 17:02:13.539" level="INFO">Typing text 'asdfghjkl123' into text field 'id=old_passwd'.</msg>
<status status="PASS" starttime="20220322 17:02:13.539" endtime="20220322 17:02:13.709"/>
</kw>
<status status="PASS" starttime="20220322 17:02:13.539" endtime="20220322 17:02:13.709"/>
</kw>
<kw name="My New Pass" library="My_Account_Page">
<arg>${password}</arg>
<kw name="Input Text" library="SeleniumLibrary">
<arg>${NEWPASSID}</arg>
<arg>${password}</arg>
<doc>Types the given ``text`` into the text field identified by ``locator``.</doc>
<msg timestamp="20220322 17:02:13.710" level="INFO">Typing text 'asdfghjkl123' into text field 'id=passwd'.</msg>
<status status="PASS" starttime="20220322 17:02:13.710" endtime="20220322 17:02:13.840"/>
</kw>
<status status="PASS" starttime="20220322 17:02:13.709" endtime="20220322 17:02:13.840"/>
</kw>
<kw name="My Con Pass" library="My_Account_Page">
<arg>${password}</arg>
<kw name="Input Text" library="SeleniumLibrary">
<arg>${CONPASSID}</arg>
<arg>${password}</arg>
<doc>Types the given ``text`` into the text field identified by ``locator``.</doc>
<msg timestamp="20220322 17:02:13.841" level="INFO">Typing text 'asdfghjkl123' into text field 'id=confirmation'.</msg>
<status status="PASS" starttime="20220322 17:02:13.841" endtime="20220322 17:02:13.975"/>
</kw>
<status status="PASS" starttime="20220322 17:02:13.841" endtime="20220322 17:02:13.975"/>
</kw>
<kw name="My Conform Submit" library="My_Account_Page">
<kw name="Click Element" library="SeleniumLibrary">
<arg>${SAVEXPATH}</arg>
<doc>Click the element identified by ``locator``.</doc>
<msg timestamp="20220322 17:02:13.975" level="INFO">Clicking element 'xpath=//button[@class="btn btn-default button button-medium"]'.</msg>
<status status="PASS" starttime="20220322 17:02:13.975" endtime="20220322 17:02:18.937"/>
</kw>
<status status="PASS" starttime="20220322 17:02:13.975" endtime="20220322 17:02:18.937"/>
</kw>
<kw name="My Page Contain" library="My_Account_Page">
<kw name="Page Should Contain" library="SeleniumLibrary">
<arg>Your personal information has been successfully updated.</arg>
<doc>Verifies that current page contains ``text``.</doc>
<msg timestamp="20220322 17:02:18.965" level="INFO">Current page contains text 'Your personal information has been successfully updated.'.</msg>
<status status="PASS" starttime="20220322 17:02:18.937" endtime="20220322 17:02:18.965"/>
</kw>
<status status="PASS" starttime="20220322 17:02:18.937" endtime="20220322 17:02:18.966"/>
</kw>
<kw name="My Back" library="My_Account_Page">
<kw name="Click Element" library="SeleniumLibrary">
<arg>${BACKPL}</arg>
<doc>Click the element identified by ``locator``.</doc>
<msg timestamp="20220322 17:02:18.966" level="INFO">Clicking element 'partial link=Back to your account'.</msg>
<status status="PASS" starttime="20220322 17:02:18.966" endtime="20220322 17:02:20.917"/>
</kw>
<status status="PASS" starttime="20220322 17:02:18.966" endtime="20220322 17:02:20.917"/>
</kw>
<kw name="Validation" library="My_Account_Page">
<kw name="Page Should Contain" library="SeleniumLibrary">
<arg>My account</arg>
<doc>Verifies that current page contains ``text``.</doc>
<msg timestamp="20220322 17:02:20.957" level="INFO">Current page contains text 'My account'.</msg>
<status status="PASS" starttime="20220322 17:02:20.918" endtime="20220322 17:02:20.957"/>
</kw>
<kw name="Page Should Contain" library="SeleniumLibrary">
<arg>Order history and details</arg>
<doc>Verifies that current page contains ``text``.</doc>
<msg timestamp="20220322 17:02:20.973" level="INFO">Current page contains text 'Order history and details'.</msg>
<status status="PASS" starttime="20220322 17:02:20.957" endtime="20220322 17:02:20.973"/>
</kw>
<kw name="Page Should Contain" library="SeleniumLibrary">
<arg>My credit slips</arg>
<doc>Verifies that current page contains ``text``.</doc>
<msg timestamp="20220322 17:02:20.988" level="INFO">Current page contains text 'My credit slips'.</msg>
<status status="PASS" starttime="20220322 17:02:20.973" endtime="20220322 17:02:20.988"/>
</kw>
<kw name="Page Should Contain" library="SeleniumLibrary">
<arg>My addresses</arg>
<doc>Verifies that current page contains ``text``.</doc>
<msg timestamp="20220322 17:02:21.003" level="INFO">Current page contains text 'My addresses'.</msg>
<status status="PASS" starttime="20220322 17:02:20.988" endtime="20220322 17:02:21.003"/>
</kw>
<kw name="Page Should Contain" library="SeleniumLibrary">
<arg>My personal information</arg>
<doc>Verifies that current page contains ``text``.</doc>
<msg timestamp="20220322 17:02:21.022" level="INFO">Current page contains text 'My personal information'.</msg>
<status status="PASS" starttime="20220322 17:02:21.003" endtime="20220322 17:02:21.022"/>
</kw>
<kw name="Page Should Contain" library="SeleniumLibrary">
<arg>My wishlists</arg>
<doc>Verifies that current page contains ``text``.</doc>
<msg timestamp="20220322 17:02:21.048" level="INFO">Current page contains text 'My wishlists'.</msg>
<status status="PASS" starttime="20220322 17:02:21.022" endtime="20220322 17:02:21.048"/>
</kw>
<status status="PASS" starttime="20220322 17:02:20.917" endtime="20220322 17:02:21.048"/>
</kw>
<status status="PASS" starttime="20220322 17:01:32.552" endtime="20220322 17:02:21.048"/>
</kw>
<kw name="Close Browser" library="SeleniumLibrary" type="TEARDOWN">
<doc>Closes the current browser.</doc>
<status status="PASS" starttime="20220322 17:02:21.048" endtime="20220322 17:02:23.225"/>
</kw>
<status status="PASS" starttime="20220322 17:01:22.108" endtime="20220322 17:02:23.227"/>
</test>
<doc>this program will automate Your personal information has been successfully updated.
and validated</doc>
<status status="PASS" starttime="20220322 17:00:35.504" endtime="20220322 17:02:23.231"/>
</suite>
<statistics>
<total>
<stat pass="2" fail="0" skip="0">All Tests</stat>
</total>
<tag>
</tag>
<suite>
<stat pass="2" fail="0" skip="0" id="s1" name="Registration Update suite">Registration Update suite</stat>
</suite>
</statistics>
<errors>
<msg timestamp="20220322 17:01:22.107" level="WARN">Multiple test cases with name 'TC UPDATE' executed in test suite 'Registration Update suite'.</msg>
</errors>
</robot>
